2022-02-02 15:14:07.323  INFO 12380 --- [restartedMain] com.springproject.PetClinicApplication   : Starting PetClinicApplication using Java 17.0.1 on Doruk57 with PID 12380 (C:\Users\Ahmet\Documents\workspace-spring-tool-suite-4-4.13.0.RELEASE\petclinic\target\classes started by Ahmet in C:\Users\Ahmet\Documents\workspace-spring-tool-suite-4-4.13.0.RELEASE\petclinic)
2022-02-02 15:14:07.323  INFO 12380 --- [restartedMain] com.springproject.PetClinicApplication   : The following profiles are active: dev
2022-02-02 15:14:07.433  INFO 12380 --- [restartedMain] o.s.b.w.embedded.tomcat.TomcatWebServer  : Tomcat initialized with port(s): 8080 (http)
2022-02-02 15:14:07.433  INFO 12380 --- [restartedMain] o.apache.catalina.core.StandardService   : Starting service [Tomcat]
2022-02-02 15:14:07.436  INFO 12380 --- [restartedMain] org.apache.catalina.core.StandardEngine  : Starting Servlet engine: [Apache Tomcat/9.0.56]
2022-02-02 15:14:07.441  INFO 12380 --- [restartedMain] o.a.c.c.C.[Tomcat].[localhost].[/]       : Initializing Spring embedded WebApplicationContext
2022-02-02 15:14:07.441  INFO 12380 --- [restartedMain] w.s.c.ServletWebServerApplicationContext : Root WebApplicationContext: initialization completed in 117 ms
2022-02-02 15:14:07.463 DEBUG 12380 --- [restartedMain] s.w.s.m.m.a.RequestMappingHandlerAdapter : ControllerAdvice beans: 0 @ModelAttribute, 0 @InitBinder, 1 RequestBodyAdvice, 1 ResponseBodyAdvice
2022-02-02 15:14:07.465 DEBUG 12380 --- [restartedMain] s.w.s.m.m.a.RequestMappingHandlerMapping : 2 mappings in 'requestMappingHandlerMapping'
2022-02-02 15:14:07.467 DEBUG 12380 --- [restartedMain] o.s.w.s.handler.SimpleUrlHandlerMapping  : Patterns [/webjars/**, /**] in 'resourceHandlerMapping'
2022-02-02 15:14:07.469 DEBUG 12380 --- [restartedMain] .m.m.a.ExceptionHandlerExceptionResolver : ControllerAdvice beans: 0 @ExceptionHandler, 1 ResponseBodyAdvice
2022-02-02 15:14:07.497  INFO 12380 --- [restartedMain] o.s.b.d.a.OptionalLiveReloadServer       : LiveReload server is running on port 35729
2022-02-02 15:14:07.498  INFO 12380 --- [restartedMain] o.s.b.a.e.web.EndpointLinksResolver      : Exposing 15 endpoint(s) beneath base path '/actuator'
2022-02-02 15:14:07.503  INFO 12380 --- [restartedMain] o.s.b.w.embedded.tomcat.TomcatWebServer  : Tomcat started on port(s): 8080 (http) with context path ''
2022-02-02 15:14:07.507  INFO 12380 --- [restartedMain] com.springproject.PetClinicApplication   : Started PetClinicApplication in 0.195 seconds (JVM running for 948.912)
2022-02-02 15:14:07.508  INFO 12380 --- [restartedMain] .ConditionEvaluationDeltaLoggingListener : Condition evaluation unchanged
2022-02-02 15:15:12.021  INFO 12380 --- [restartedMain] com.springproject.PetClinicApplication   : Starting PetClinicApplication using Java 17.0.1 on Doruk57 with PID 12380 (C:\Users\Ahmet\Documents\workspace-spring-tool-suite-4-4.13.0.RELEASE\petclinic\target\classes started by Ahmet in C:\Users\Ahmet\Documents\workspace-spring-tool-suite-4-4.13.0.RELEASE\petclinic)
2022-02-02 15:15:12.021  INFO 12380 --- [restartedMain] com.springproject.PetClinicApplication   : The following profiles are active: dev
2022-02-02 15:15:12.142  INFO 12380 --- [restartedMain] o.s.b.w.embedded.tomcat.TomcatWebServer  : Tomcat initialized with port(s): 8080 (http)
2022-02-02 15:15:12.142  INFO 12380 --- [restartedMain] o.apache.catalina.core.StandardService   : Starting service [Tomcat]
2022-02-02 15:15:12.143  INFO 12380 --- [restartedMain] org.apache.catalina.core.StandardEngine  : Starting Servlet engine: [Apache Tomcat/9.0.56]
2022-02-02 15:15:12.148  INFO 12380 --- [restartedMain] o.a.c.c.C.[Tomcat].[localhost].[/]       : Initializing Spring embedded WebApplicationContext
2022-02-02 15:15:12.148  INFO 12380 --- [restartedMain] w.s.c.ServletWebServerApplicationContext : Root WebApplicationContext: initialization completed in 126 ms
2022-02-02 15:15:12.176 DEBUG 12380 --- [restartedMain] s.w.s.m.m.a.RequestMappingHandlerAdapter : ControllerAdvice beans: 0 @ModelAttribute, 0 @InitBinder, 1 RequestBodyAdvice, 1 ResponseBodyAdvice
2022-02-02 15:15:12.179 DEBUG 12380 --- [restartedMain] s.w.s.m.m.a.RequestMappingHandlerMapping : 2 mappings in 'requestMappingHandlerMapping'
2022-02-02 15:15:12.182 DEBUG 12380 --- [restartedMain] o.s.w.s.handler.SimpleUrlHandlerMapping  : Patterns [/webjars/**, /**] in 'resourceHandlerMapping'
2022-02-02 15:15:12.184 DEBUG 12380 --- [restartedMain] .m.m.a.ExceptionHandlerExceptionResolver : ControllerAdvice beans: 0 @ExceptionHandler, 1 ResponseBodyAdvice
2022-02-02 15:15:12.215  INFO 12380 --- [restartedMain] o.s.b.d.a.OptionalLiveReloadServer       : LiveReload server is running on port 35729
2022-02-02 15:15:12.216  INFO 12380 --- [restartedMain] o.s.b.a.e.web.EndpointLinksResolver      : Exposing 15 endpoint(s) beneath base path '/actuator'
2022-02-02 15:15:12.222  INFO 12380 --- [restartedMain] o.s.b.w.embedded.tomcat.TomcatWebServer  : Tomcat started on port(s): 8080 (http) with context path ''
2022-02-02 15:15:12.226  INFO 12380 --- [restartedMain] com.springproject.PetClinicApplication   : Started PetClinicApplication in 0.219 seconds (JVM running for 1013.631)
2022-02-02 15:15:12.227  INFO 12380 --- [restartedMain] .ConditionEvaluationDeltaLoggingListener : Condition evaluation unchanged
2022-02-02 15:17:42.519  INFO 12380 --- [RMI TCP Connection(55)-127.0.0.1] inMXBeanRegistrar$SpringApplicationAdmin : Application shutdown requested.
